<?xml version="1.0" encoding="UTF-8"?>
<!-- Generated by org.testng.reporters.JUnitXMLReporter -->
<testsuite hostname="Newt-Pk024" name="Perfecto Assignment 1 Compare stocks" tests="3" failures="0" timestamp="10 Jun 2016 10:41:15 GMT" time="535.102" errors="0">
  <testcase name="compareNYSEStocks" time="42.697" classname="Test.MainTest"/>
  <testcase name="compareNYSEStocks" time="47.022" classname="Test.MainTest"/>
  <testcase name="compareNYSEStocks" time="43.813" classname="Test.MainTest"/>
</testsuite> <!-- Perfecto Assignment 1 Compare stocks -->
