<?xml version="1.0" encoding="UTF-8"?>
<testng-results skipped="0" failed="0" total="3" passed="3">
  <reporter-output>
    <line>
      <![CDATA[====  For Company<'International Business Machines Corp.  '> - StockCode<'NYSE:IBM'>, Current Price <'153.42'> is 11.72% lower than the 52 week high<'173.78'> and 31.25% higher than the 52 week low<'116.90'>.]]>
    </line>
    <line>
      <![CDATA[====  Company< Name: 'International Business Machines Corp.  ', StockCode: 'NYSE:IBM', EPS: '13.28'> having higher EPS than Company< Name: 'ACCO Brands Corporation  ', StockCode: 'NYSE:ACCO', EPS: '0.89'>]]>
    </line>
    <line>
      <![CDATA[====  For Company<'Flagstar Bancorp Inc  '> - StockCode<'NYSE:FBC'>, Current Price <'24.08'> is 3.88% lower than the 52 week high<'25.05'> and 39.6% higher than the 52 week low<'17.25'>.]]>
    </line>
    <line>
      <![CDATA[====  Company< Name: 'HCA Holdings Inc  ', StockCode: 'NYSE:HCA', EPS: '5.32'> having higher EPS than Company< Name: 'Flagstar Bancorp Inc  ', StockCode: 'NYSE:FBC', EPS: '2.34'>]]>
    </line>
    <line>
      <![CDATA[====  For Company<'OCI Partners LP  '> - StockCode<'NYSE:OCIP'>, Current Price <'7.99'> is 57.5% lower than the 52 week high<'18.80'> and 43.45% higher than the 52 week low<'5.57'>.]]>
    </line>
    <line>
      <![CDATA[====  Company< Name: 'OCI Partners LP  ', StockCode: 'NYSE:OCIP', EPS: '0.52'> having higher EPS than Company< Name: 'OFG Bancorp  ', StockCode: 'NYSE:OFG', EPS: '0.02'>]]>
    </line>
  </reporter-output>
  <suite name="Suite" duration-ms="535102" started-at="2016-06-10T10:32:20Z" finished-at="2016-06-10T10:41:15Z">
    <groups>
    </groups>
    <test name="Perfecto Assignment 1 Compare stocks" duration-ms="535102" started-at="2016-06-10T10:32:20Z" finished-at="2016-06-10T10:41:15Z">
      <class name="Test.MainTest">
        <test-method status="PASS" signature="beforeClass(java.lang.String, java.lang.String, java.lang.String, java.lang.String, java.lang.String, java.lang.String, java.lang.String, java.lang.String)[pri:0, instance:Test.MainTest@5c7fa833]" name="beforeClass" is-config="true" duration-ms="16802" started-at="2016-06-10T16:02:20Z" finished-at="2016-06-10T16:02:37Z">
          <params>
            <param index="0">
              <value>
                <![CDATA[partners.perfectomobile.com]]>
              </value>
            </param>
            <param index="1">
              <value>
                <![CDATA[demo@newtglobal.com]]>
              </value>
            </param>
            <param index="2">
              <value>
                <![CDATA[DEMO123]]>
              </value>
            </param>
            <param index="3">
              <value>
                <![CDATA[Peter]]>
              </value>
            </param>
            <param index="4">
              <value>
                <![CDATA[iOS]]>
              </value>
            </param>
            <param index="5">
              <value>
                <![CDATA[Apple]]>
              </value>
            </param>
            <param index="6">
              <value>
                <![CDATA[iPhone-6 Plus]]>
              </value>
            </param>
            <param index="7">
              <value>
                <![CDATA[http://google.com/finance]]>
              </value>
            </param>
          </params>
          <reporter-output>
          </reporter-output>
        </test-method> <!-- beforeClass -->
        <test-method status="PASS" signature="compareNYSEStocks(java.lang.String, java.lang.String)[pri:0, instance:Test.MainTest@5c7fa833]" name="compareNYSEStocks" duration-ms="42697" started-at="2016-06-10T16:02:37Z" data-provider="nyseInput" finished-at="2016-06-10T16:03:19Z">
          <params>
            <param index="0">
              <value>
                <![CDATA[NYSE:IBM]]>
              </value>
            </param>
            <param index="1">
              <value>
                <![CDATA[NYSE:ACCO]]>
              </value>
            </param>
          </params>
          <reporter-output>
            <line>
              <![CDATA[====  For Company<'International Business Machines Corp.  '> - StockCode<'NYSE:IBM'>, Current Price <'153.42'> is 11.72% lower than the 52 week high<'173.78'> and 31.25% higher than the 52 week low<'116.90'>.]]>
            </line>
            <line>
              <![CDATA[====  Company< Name: 'International Business Machines Corp.  ', StockCode: 'NYSE:IBM', EPS: '13.28'> having higher EPS than Company< Name: 'ACCO Brands Corporation  ', StockCode: 'NYSE:ACCO', EPS: '0.89'>]]>
            </line>
          </reporter-output>
        </test-method> <!-- compareNYSEStocks -->
        <test-method status="PASS" signature="afterClass()[pri:0, instance:Test.MainTest@5c7fa833]" name="afterClass" is-config="true" duration-ms="103090" started-at="2016-06-10T16:03:19Z" finished-at="2016-06-10T16:05:02Z">
          <reporter-output>
          </reporter-output>
        </test-method> <!-- afterClass -->
        <test-method status="PASS" signature="beforeClass(java.lang.String, java.lang.String, java.lang.String, java.lang.String, java.lang.String, java.lang.String, java.lang.String, java.lang.String)[pri:0, instance:Test.MainTest@5c7fa833]" name="beforeClass" is-config="true" duration-ms="13430" started-at="2016-06-10T16:05:02Z" finished-at="2016-06-10T16:05:16Z">
          <params>
            <param index="0">
              <value>
                <![CDATA[partners.perfectomobile.com]]>
              </value>
            </param>
            <param index="1">
              <value>
                <![CDATA[demo@newtglobal.com]]>
              </value>
            </param>
            <param index="2">
              <value>
                <![CDATA[DEMO123]]>
              </value>
            </param>
            <param index="3">
              <value>
                <![CDATA[Peter]]>
              </value>
            </param>
            <param index="4">
              <value>
                <![CDATA[iOS]]>
              </value>
            </param>
            <param index="5">
              <value>
                <![CDATA[Apple]]>
              </value>
            </param>
            <param index="6">
              <value>
                <![CDATA[iPhone-6 Plus]]>
              </value>
            </param>
            <param index="7">
              <value>
                <![CDATA[http://google.com/finance]]>
              </value>
            </param>
          </params>
          <reporter-output>
          </reporter-output>
        </test-method> <!-- beforeClass -->
        <test-method status="PASS" signature="compareNYSEStocks(java.lang.String, java.lang.String)[pri:0, instance:Test.MainTest@5c7fa833]" name="compareNYSEStocks" duration-ms="47022" started-at="2016-06-10T16:05:16Z" data-provider="nyseInput" finished-at="2016-06-10T16:06:03Z">
          <params>
            <param index="0">
              <value>
                <![CDATA[NYSE:FBC]]>
              </value>
            </param>
            <param index="1">
              <value>
                <![CDATA[NYSE:HCA]]>
              </value>
            </param>
          </params>
          <reporter-output>
            <line>
              <![CDATA[====  For Company<'Flagstar Bancorp Inc  '> - StockCode<'NYSE:FBC'>, Current Price <'24.08'> is 3.88% lower than the 52 week high<'25.05'> and 39.6% higher than the 52 week low<'17.25'>.]]>
            </line>
            <line>
              <![CDATA[====  Company< Name: 'HCA Holdings Inc  ', StockCode: 'NYSE:HCA', EPS: '5.32'> having higher EPS than Company< Name: 'Flagstar Bancorp Inc  ', StockCode: 'NYSE:FBC', EPS: '2.34'>]]>
            </line>
          </reporter-output>
        </test-method> <!-- compareNYSEStocks -->
        <test-method status="PASS" signature="afterClass()[pri:0, instance:Test.MainTest@5c7fa833]" name="afterClass" is-config="true" duration-ms="114145" started-at="2016-06-10T16:06:03Z" finished-at="2016-06-10T16:07:57Z">
          <reporter-output>
          </reporter-output>
        </test-method> <!-- afterClass -->
        <test-method status="PASS" signature="beforeClass(java.lang.String, java.lang.String, java.lang.String, java.lang.String, java.lang.String, java.lang.String, java.lang.String, java.lang.String)[pri:0, instance:Test.MainTest@5c7fa833]" name="beforeClass" is-config="true" duration-ms="14562" started-at="2016-06-10T16:07:57Z" finished-at="2016-06-10T16:08:12Z">
          <params>
            <param index="0">
              <value>
                <![CDATA[partners.perfectomobile.com]]>
              </value>
            </param>
            <param index="1">
              <value>
                <![CDATA[demo@newtglobal.com]]>
              </value>
            </param>
            <param index="2">
              <value>
                <![CDATA[DEMO123]]>
              </value>
            </param>
            <param index="3">
              <value>
                <![CDATA[Peter]]>
              </value>
            </param>
            <param index="4">
              <value>
                <![CDATA[iOS]]>
              </value>
            </param>
            <param index="5">
              <value>
                <![CDATA[Apple]]>
              </value>
            </param>
            <param index="6">
              <value>
                <![CDATA[iPhone-6 Plus]]>
              </value>
            </param>
            <param index="7">
              <value>
                <![CDATA[http://google.com/finance]]>
              </value>
            </param>
          </params>
          <reporter-output>
          </reporter-output>
        </test-method> <!-- beforeClass -->
        <test-method status="PASS" signature="compareNYSEStocks(java.lang.String, java.lang.String)[pri:0, instance:Test.MainTest@5c7fa833]" name="compareNYSEStocks" duration-ms="43813" started-at="2016-06-10T16:08:12Z" data-provider="nyseInput" finished-at="2016-06-10T16:08:55Z">
          <params>
            <param index="0">
              <value>
                <![CDATA[NYSE:OCIP]]>
              </value>
            </param>
            <param index="1">
              <value>
                <![CDATA[NYSE:OFG]]>
              </value>
            </param>
          </params>
          <reporter-output>
            <line>
              <![CDATA[====  For Company<'OCI Partners LP  '> - StockCode<'NYSE:OCIP'>, Current Price <'7.99'> is 57.5% lower than the 52 week high<'18.80'> and 43.45% higher than the 52 week low<'5.57'>.]]>
            </line>
            <line>
              <![CDATA[====  Company< Name: 'OCI Partners LP  ', StockCode: 'NYSE:OCIP', EPS: '0.52'> having higher EPS than Company< Name: 'OFG Bancorp  ', StockCode: 'NYSE:OFG', EPS: '0.02'>]]>
            </line>
          </reporter-output>
        </test-method> <!-- compareNYSEStocks -->
        <test-method status="PASS" signature="afterClass()[pri:0, instance:Test.MainTest@5c7fa833]" name="afterClass" is-config="true" duration-ms="139287" started-at="2016-06-10T16:08:55Z" finished-at="2016-06-10T16:11:15Z">
          <reporter-output>
          </reporter-output>
        </test-method> <!-- afterClass -->
      </class> <!-- Test.MainTest -->
    </test> <!-- Perfecto Assignment 1 Compare stocks -->
  </suite> <!-- Suite -->
</testng-results>
